TN:
SF:C:\Users\Admin\Pavithra\Products\app.js
FN:14,(anonymous_0)
FN:19,(anonymous_1)
FNF:2
FNH:2
FNDA:1,(anonymous_0)
FNDA:1,(anonymous_1)
DA:1,1
DA:2,1
DA:3,1
DA:4,1
DA:5,1
DA:6,1
DA:8,1
DA:9,1
DA:11,1
DA:12,1
DA:14,1
DA:15,1
DA:17,1
DA:18,1
DA:19,1
DA:20,1
DA:22,1
LF:17
LH:17
BRDA:18,0,0,1
BRDA:18,0,1,1
BRF:2
BRH:2
end_of_record
TN:
SF:C:\Users\Admin\Pavithra\Products\Authentication\Authcontroller.js
FN:25,(anonymous_0)
FN:39,(anonymous_1)
FN:45,(anonymous_2)
FN:54,(anonymous_3)
FN:55,(anonymous_4)
FNF:5
FNH:5
FNDA:3,(anonymous_0)
FNDA:3,(anonymous_1)
FNDA:2,(anonymous_2)
FNDA:3,(anonymous_3)
FNDA:3,(anonymous_4)
DA:1,1
DA:2,1
DA:3,1
DA:4,1
DA:5,1
DA:6,1
DA:7,1
DA:8,1
DA:9,1
DA:10,1
DA:11,1
DA:12,1
DA:13,1
DA:25,1
DA:26,3
DA:39,3
DA:40,3
DA:41,3
DA:42,1
DA:45,2
DA:46,2
DA:47,1
DA:54,1
DA:55,3
DA:56,3
DA:58,2
DA:59,2
DA:61,1
DA:65,1
DA:69,1
LF:30
LH:30
BRDA:41,0,0,1
BRDA:41,0,1,2
BRDA:46,1,0,1
BRDA:46,1,1,1
BRDA:56,2,0,1
BRDA:56,2,1,2
BRDA:59,3,0,1
BRDA:59,3,1,1
BRF:8
BRH:8
end_of_record
TN:
SF:C:\Users\Admin\Pavithra\Products\Authentication\Verifytoken.js
FN:4,(anonymous_0)
FNF:1
FNH:1
FNDA:26,(anonymous_0)
DA:1,1
DA:2,1
DA:4,1
DA:5,26
DA:6,26
DA:8,16
DA:9,16
DA:10,16
DA:12,10
LF:9
LH:9
BRF:0
BRH:0
end_of_record
TN:
SF:C:\Users\Admin\Pavithra\Products\Authentication\config.js
FNF:0
FNH:0
DA:1,1
LF:1
LH:1
BRF:0
BRH:0
end_of_record
TN:
SF:C:\Users\Admin\Pavithra\Products\control\controller.js
FN:6,(anonymous_0)
FN:8,(anonymous_1)
FN:12,(anonymous_2)
FN:15,(anonymous_3)
FN:22,(anonymous_4)
FN:36,(anonymous_5)
FN:42,(anonymous_6)
FN:49,(anonymous_7)
FN:62,(anonymous_8)
FN:68,(anonymous_9)
FN:90,(anonymous_10)
FN:96,(anonymous_11)
FN:107,(anonymous_12)
FN:109,(anonymous_13)
FN:117,(anonymous_14)
FNF:15
FNH:15
FNDA:1,(anonymous_0)
FNDA:1,(anonymous_1)
FNDA:2,(anonymous_2)
FNDA:2,(anonymous_3)
FNDA:3,(anonymous_4)
FNDA:3,(anonymous_5)
FNDA:2,(anonymous_6)
FNDA:6,(anonymous_7)
FNDA:3,(anonymous_8)
FNDA:2,(anonymous_9)
FNDA:3,(anonymous_10)
FNDA:2,(anonymous_11)
FNDA:4,(anonymous_12)
FNDA:2,(anonymous_13)
FNDA:2,(anonymous_14)
DA:1,1
DA:2,1
DA:3,1
DA:4,1
DA:6,1
DA:8,1
DA:9,1
DA:12,1
DA:14,2
DA:15,2
DA:16,2
DA:17,1
DA:19,1
DA:22,1
DA:23,3
DA:36,3
DA:37,3
DA:38,3
DA:39,1
DA:42,2
DA:43,2
DA:44,1
DA:49,1
DA:50,6
DA:51,3
DA:62,3
DA:63,3
DA:64,3
DA:65,1
DA:68,2
DA:69,2
DA:70,1
DA:72,1
DA:78,3
DA:79,3
DA:90,3
DA:91,3
DA:92,3
DA:93,1
DA:96,2
DA:97,2
DA:98,1
DA:100,1
DA:107,1
DA:108,4
DA:109,2
DA:110,2
DA:111,1
DA:113,1
DA:116,2
DA:117,2
DA:118,2
DA:119,1
DA:121,1
DA:125,1
LF:55
LH:55
BRDA:16,0,0,1
BRDA:16,0,1,1
BRDA:38,1,0,1
BRDA:38,1,1,2
BRDA:43,2,0,1
BRDA:43,2,1,1
BRDA:50,3,0,3
BRDA:50,3,1,3
BRDA:64,4,0,1
BRDA:64,4,1,2
BRDA:69,5,0,1
BRDA:69,5,1,1
BRDA:78,6,0,3
BRDA:78,6,1,0
BRDA:92,7,0,1
BRDA:92,7,1,2
BRDA:97,8,0,1
BRDA:97,8,1,1
BRDA:108,9,0,2
BRDA:108,9,1,2
BRDA:110,10,0,1
BRDA:110,10,1,1
BRDA:116,11,0,2
BRDA:116,11,1,0
BRDA:118,12,0,1
BRDA:118,12,1,1
BRF:26
BRH:24
end_of_record
TN:
SF:C:\Users\Admin\Pavithra\Products\models\joi.js
FNF:0
FNH:0
DA:1,1
DA:2,1
DA:14,1
DA:25,1
DA:36,1
LF:5
LH:5
BRF:0
BRH:0
end_of_record
TN:
SF:C:\Users\Admin\Pavithra\Products\models\model.js
FNF:0
FNH:0
DA:1,1
DA:2,1
DA:14,1
DA:15,1
LF:4
LH:4
BRF:0
BRH:0
end_of_record
TN:
SF:C:\Users\Admin\Pavithra\Products\route\router.js
FNF:0
FNH:0
DA:1,1
DA:2,1
DA:3,1
DA:4,1
DA:6,1
DA:7,1
DA:8,1
DA:9,1
DA:10,1
DA:11,1
DA:12,1
LF:11
LH:11
BRF:0
BRH:0
end_of_record
